<?xml version="1.0" encoding="UTF-8"?>
<testng-results ignored="0" total="1" passed="0" failed="1" skipped="0">
  <reporter-output>
  </reporter-output>
  <suite started-at="2022-05-15T09:56:47 EDT" name="Test" finished-at="2022-05-15T09:57:30 EDT" duration-ms="42659">
    <groups>
      <group name="cucumber">
        <method signature="AbstractTestNGCucumberTests.runScenario(io.cucumber.testng.PickleWrapper,io.cucumber.testng.FeatureWrapper)[pri:0, instance:zoopla.uk.runnertest.MyRunner@316bcf94]" name="runScenario" class="io.cucumber.testng.AbstractTestNGCucumberTests"/>
      </group> <!-- cucumber -->
    </groups>
    <test started-at="2022-05-15T09:56:47 EDT" name="zoopla test" finished-at="2022-05-15T09:57:30 EDT" duration-ms="42659">
      <class name="zoopla.uk.runnertest.MyRunner">
        <test-method is-config="true" signature="setUpClass()[pri:0, instance:zoopla.uk.runnertest.MyRunner@316bcf94]" started-at="2022-05-15T09:56:48 EDT" name="setUpClass" finished-at="2022-05-15T09:56:48 EDT" duration-ms="332" status="PASS">
          <reporter-output>
          </reporter-output>
        </test-method> <!-- setUpClass -->
        <test-method signature="runScenario(io.cucumber.testng.PickleWrapper,io.cucumber.testng.FeatureWrapper)[pri:0, instance:zoopla.uk.runnertest.MyRunner@316bcf94]" started-at="2022-05-15T09:56:48 EDT" name="runScenario" description="Runs Cucumber Scenarios" data-provider="scenarios" finished-at="2022-05-15T09:57:30 EDT" duration-ms="42017" status="FAIL">
          <params>
            <param index="0">
              <value>
                <![CDATA["User can login to the appliction, search the location, select the second or third property from the list & verify the price on the screen."]]>
              </value>
            </param>
            <param index="1">
              <value>
                <![CDATA["Optional[User can search the properties, select the property, buy the property,]"]]>
              </value>
            </param>
          </params>
          <exception class="org.openqa.selenium.NoSuchWindowException">
            <message>
              <![CDATA[no such window: target window already closed
from unknown error: web view not found
  (Session info: chrome=101.0.4951.67)
Build info: version: '3.141.59', revision: 'e82be7d358', time: '2018-11-14T08:17:03'
System info: host: 'DESKTOP-FR32G6D', ip: '192.168.1.242', os.name: 'Windows 10', os.arch: 'amd64', os.version: '10.0', java.version: '17.0.1'
Driver info: org.openqa.selenium.chrome.ChromeDriver
Capabilities {acceptInsecureCerts: false, browserName: chrome, browserVersion: 101.0.4951.67, chrome: {chromedriverVersion: 101.0.4951.41 (93c720db8323..., userDataDir: C:\Users\User\AppData\Local...}, goog:chromeOptions: {debuggerAddress: localhost:55434}, javascriptEnabled: true, networkConnectionEnabled: false, pageLoadStrategy: normal, platform: WINDOWS, platformName: WINDOWS, proxy: Proxy(), setWindowRect: true, strictFileInteractability: false, timeouts: {implicit: 0, pageLoad: 300000, script: 30000}, unhandledPromptBehavior: dismiss and notify, webauthn:extension:credBlob: true, webauthn:extension:largeBlob: true, webauthn:virtualAuthenticators: true}
Session ID: 8c56590228002e7ab7bc665798649f22
*** Element info: {Using=id, value=search-input-location}]]>
            </message>
            <full-stacktrace>
              <![CDATA[org.openqa.selenium.NoSuchWindowException: no such window: target window already closed
from unknown error: web view not found
  (Session info: chrome=101.0.4951.67)
Build info: version: '3.141.59', revision: 'e82be7d358', time: '2018-11-14T08:17:03'
System info: host: 'DESKTOP-FR32G6D', ip: '192.168.1.242', os.name: 'Windows 10', os.arch: 'amd64', os.version: '10.0', java.version: '17.0.1'
Driver info: org.openqa.selenium.chrome.ChromeDriver
Capabilities {acceptInsecureCerts: false, browserName: chrome, browserVersion: 101.0.4951.67, chrome: {chromedriverVersion: 101.0.4951.41 (93c720db8323..., userDataDir: C:\Users\User\AppData\Local...}, goog:chromeOptions: {debuggerAddress: localhost:55434}, javascriptEnabled: true, networkConnectionEnabled: false, pageLoadStrategy: normal, platform: WINDOWS, platformName: WINDOWS, proxy: Proxy(), setWindowRect: true, strictFileInteractability: false, timeouts: {implicit: 0, pageLoad: 300000, script: 30000}, unhandledPromptBehavior: dismiss and notify, webauthn:extension:credBlob: true, webauthn:extension:largeBlob: true, webauthn:virtualAuthenticators: true}
Session ID: 8c56590228002e7ab7bc665798649f22
*** Element info: {Using=id, value=search-input-location}
at jdk.internal.reflect.GeneratedConstructorAccessor13.newInstance(Unknown Source)
at java.base/jdk.internal.reflect.DelegatingConstructorAccessorImpl.newInstance(DelegatingConstructorAccessorImpl.java:45)
at java.base/java.lang.reflect.Constructor.newInstanceWithCaller(Constructor.java:499)
at java.base/java.lang.reflect.Constructor.newInstance(Constructor.java:480)
at org.openqa.selenium.remote.http.W3CHttpResponseCodec.createException(W3CHttpResponseCodec.java:187)
at org.openqa.selenium.remote.http.W3CHttpResponseCodec.decode(W3CHttpResponseCodec.java:122)
at org.openqa.selenium.remote.http.W3CHttpResponseCodec.decode(W3CHttpResponseCodec.java:49)
at org.openqa.selenium.remote.HttpCommandExecutor.execute(HttpCommandExecutor.java:158)
at org.openqa.selenium.remote.service.DriverCommandExecutor.execute(DriverCommandExecutor.java:83)
at org.openqa.selenium.remote.RemoteWebDriver.execute(RemoteWebDriver.java:552)
at org.openqa.selenium.remote.RemoteWebDriver.findElement(RemoteWebDriver.java:323)
at org.openqa.selenium.remote.RemoteWebDriver.findElementById(RemoteWebDriver.java:372)
at org.openqa.selenium.By$ById.findElement(By.java:188)
at org.openqa.selenium.remote.RemoteWebDriver.findElement(RemoteWebDriver.java:315)
at org.openqa.selenium.support.pagefactory.DefaultElementLocator.findElement(DefaultElementLocator.java:69)
at org.openqa.selenium.support.pagefactory.internal.LocatingElementHandler.invoke(LocatingElementHandler.java:38)
at jdk.proxy2/jdk.proxy2.$Proxy25.toString(Unknown Source)
at java.base/java.lang.String.valueOf(String.java:4215)
at java.base/java.lang.StringBuilder.append(StringBuilder.java:169)
at org.openqa.selenium.support.ui.ExpectedConditions$23.toString(ExpectedConditions.java:683)
at java.base/java.lang.String.valueOf(String.java:4215)
at java.base/java.lang.StringBuilder.append(StringBuilder.java:169)
at org.openqa.selenium.support.ui.FluentWait.until(FluentWait.java:268)
at zoopla.uk.genericlivery.WaitHelper.waitForElement(WaitHelper.java:13)
at zoopla.uk.stepdefinitiontest.LoginStepDefTest.users_is_able_to_enter_location_in_the_text_box_hit_enter_button(LoginStepDefTest.java:41)
at ✽.Users is able to enter location- "New York, Lincolnshire"- in the text box & hit enter button(file:///C:/Users/User/eclipse-workspace/Final_Automation_Framework/./Features/FunctionalTest.feature:17)
]]>
            </full-stacktrace>
          </exception> <!-- org.openqa.selenium.NoSuchWindowException -->
          <reporter-output>
          </reporter-output>
        </test-method> <!-- runScenario -->
        <test-method is-config="true" signature="tearDownClass()[pri:0, instance:zoopla.uk.runnertest.MyRunner@316bcf94]" started-at="2022-05-15T09:57:30 EDT" name="tearDownClass" finished-at="2022-05-15T09:57:30 EDT" duration-ms="75" status="PASS">
          <reporter-output>
          </reporter-output>
        </test-method> <!-- tearDownClass -->
      </class> <!-- zoopla.uk.runnertest.MyRunner -->
    </test> <!-- zoopla test -->
  </suite> <!-- Test -->
</testng-results>
